        -:    0:Source:src/game_engine.c
        -:    0:Graph:coverage_build/game_engine.gcno
        -:    0:Data:coverage_build/game_engine.gcda
        -:    0:Runs:74
        -:    1:#include "game_engine.h"
        -:    2:#include "world_loader.h"
        -:    3:#include "room.h"
        -:    4:#include "player.h"
        -:    5:#include "graph.h"
        -:    6:#include <stdlib.h>
        -:    7:#include <stddef.h>
        -:    8:#include <string.h>
        -:    9:#include <stdio.h>
        -:   10:
        -:   11:/* ============================================================
        -:   12: * GAME ENGINE IMPLEMENTATION
        -:   13: *
        -:   14: * The Game Engine is the "brain" of the game:
        -:   15: *   - Loads the world using world_loader
        -:   16: *   - Manages player state and movement
        -:   17: *   - Handles room transitions via portals
        -:   18: *   - Renders the current game state
        -:   19: * ============================================================ */
        -:   20:
        -:   21:
        -:   22:/* Helper: Get current room */
function get_current_room called 14 returned 100% blocks executed 88%
       14:   23:static const Room *get_current_room(const GameEngine *eng) {
       14:   24:    if (eng == NULL || eng->graph == NULL || eng->player == NULL) {
branch  0 taken 14 (fallthrough)
branch  1 taken 0
branch  2 taken 14 (fallthrough)
branch  3 taken 0
branch  4 taken 0 (fallthrough)
branch  5 taken 14
    #####:   25:        return NULL;
        -:   26:    }
        -:   27:
        -:   28:    /* Search for room by player's current room ID */
        -:   29:    Room search_key;
       14:   30:    search_key.id = player_get_room(eng->player);
call    0 returned 14
       14:   31:    return (const Room *)graph_get_payload(eng->graph, &search_key);
call    0 returned 14
        -:   32:}
        -:   33:
function room_collect_treasure_for_player called 10 returned 100% blocks executed 45%
       10:   34:static bool room_collect_treasure_for_player(GameEngine *eng, Room *room, int x, int y) {
       10:   35:    int treasure_id = room_get_treasure_at(room, x, y);
call    0 returned 10
       10:   36:    if (treasure_id < 0) {
branch  0 taken 10 (fallthrough)
branch  1 taken 0
       10:   37:        return false;
        -:   38:    }
        -:   39:
    #####:   40:    Treasure *treasure = NULL;
    #####:   41:    Status pick_status = room_pick_up_treasure(room, treasure_id, &treasure);
call    0 never executed
    #####:   42:    if (pick_status != OK || treasure == NULL) {
branch  0 never executed (fallthrough)
branch  1 never executed
branch  2 never executed (fallthrough)
branch  3 never executed
    #####:   43:        return false;
        -:   44:    }
        -:   45:
    #####:   46:    return player_try_collect(eng->player, treasure) == OK;
call    0 never executed
        -:   47:}
        -:   48:
function game_engine_next_position called 10 returned 100% blocks executed 86%
       10:   49:static bool game_engine_next_position(Direction dir, int x, int y, int *new_x, int *new_y) {
       10:   50:    *new_x = x;
       10:   51:    *new_y = y;
        -:   52:
       10:   53:    switch (dir) {
branch  0 taken 2
branch  1 taken 2
branch  2 taken 4
branch  3 taken 2
branch  4 taken 0
        2:   54:        case DIR_NORTH:
        2:   55:            (*new_y)--;
        2:   56:            return true;
        2:   57:        case DIR_SOUTH:
        2:   58:            (*new_y)++;
        2:   59:            return true;
        4:   60:        case DIR_EAST:
        4:   61:            (*new_x)++;
        4:   62:            return true;
        2:   63:        case DIR_WEST:
        2:   64:            (*new_x)--;
        2:   65:            return true;
    #####:   66:        default:
    #####:   67:            return false;
        -:   68:    }
        -:   69:}
        -:   70:
function game_engine_validate_target_move called 10 returned 100% blocks executed 73%
       10:   71:static Status game_engine_validate_target_move(Room *room,
        -:   72:                                               Direction dir,
        -:   73:                                               int new_x,
        -:   74:                                               int new_y) {
       10:   75:    int pushable_idx = -1;
       10:   76:    if (room_has_pushable_at(room, new_x, new_y, &pushable_idx)) {
call    0 returned 10
branch  1 taken 0 (fallthrough)
branch  2 taken 10
    #####:   77:        Status push_status = room_try_push(room, pushable_idx, dir);
call    0 never executed
    #####:   78:        if (push_status != OK) {
branch  0 never executed (fallthrough)
branch  1 never executed
    #####:   79:            return ROOM_IMPASSABLE;
        -:   80:        }
        -:   81:    }
        -:   82:
       10:   83:    if (!room_is_walkable(room, new_x, new_y)) {
call    0 returned 10
branch  1 taken 4 (fallthrough)
branch  2 taken 6
        4:   84:        return ROOM_IMPASSABLE;
        -:   85:    }
        -:   86:
        6:   87:    return OK;
        -:   88:}
        -:   89:
function game_engine_apply_final_position called 6 returned 100% blocks executed 40%
        6:   90:static Status game_engine_apply_final_position(GameEngine *eng, Room *room, int new_x, int new_y) {
        6:   91:    int portal_dest = room_get_portal_destination(room, new_x, new_y);
call    0 returned 6
        6:   92:    if (portal_dest < 0) {
branch  0 taken 6 (fallthrough)
branch  1 taken 0
        6:   93:        player_set_position(eng->player, new_x, new_y);
call    0 returned 6
        6:   94:        return OK;
        -:   95:    }
        -:   96:
    #####:   97:    player_move_to_room(eng->player, portal_dest);
call    0 never executed
        -:   98:
        -:   99:    Room search_key;
    #####:  100:    search_key.id = portal_dest;
    #####:  101:    const Room *new_room = (const Room *)graph_get_payload(eng->graph, &search_key);
call    0 never executed
    #####:  102:    if (new_room == NULL) {
branch  0 never executed (fallthrough)
branch  1 never executed
    #####:  103:        return GE_NO_SUCH_ROOM;
        -:  104:    }
        -:  105:
    #####:  106:    int dest_x = 0;
    #####:  107:    int dest_y = 0;
    #####:  108:    Status start_status = room_get_start_position(new_room, &dest_x, &dest_y);
call    0 never executed
    #####:  109:    if (start_status != OK) {
branch  0 never executed (fallthrough)
branch  1 never executed
    #####:  110:        return start_status;
        -:  111:    }
        -:  112:
    #####:  113:    player_set_position(eng->player, dest_x, dest_y);
call    0 never executed
    #####:  114:    return OK;
        -:  115:}
        -:  116:
        -:  117:
function game_engine_create called 21 returned 100% blocks executed 68%
       21:  118:Status game_engine_create(const char *config_file_path, GameEngine **engine_out) {
        -:  119:    /* Validate inputs */
       21:  120:    if (config_file_path == NULL || engine_out == NULL) {
branch  0 taken 20 (fallthrough)
branch  1 taken 1
branch  2 taken 1 (fallthrough)
branch  3 taken 19
        2:  121:        return INVALID_ARGUMENT;
        -:  122:    }
        -:  123:
        -:  124:    /* Allocate engine */
       19:  125:    GameEngine *eng = malloc(sizeof(GameEngine));
       19:  126:    if (eng == NULL) {
branch  0 taken 0 (fallthrough)
branch  1 taken 19
    #####:  127:        return NO_MEMORY;
        -:  128:    }
        -:  129:
        -:  130:    /* Initialize fields to NULL/0 for cleanup safety */
       19:  131:    eng->graph = NULL;
       19:  132:    eng->player = NULL;
       19:  133:    eng->room_count = 0;
        -:  134:
        -:  135:    /* Load world using world_loader */
       19:  136:    Graph *graph = NULL;
       19:  137:    Room *first_room = NULL;
       19:  138:    int num_rooms = 0;
        -:  139:    Charset charset;
        -:  140:
       19:  141:    Status s = loader_load_world(config_file_path, &graph, &first_room, 
call    0 returned 19
        -:  142:                                 &num_rooms, &charset);
       19:  143:    if (s != OK) {
branch  0 taken 0 (fallthrough)
branch  1 taken 19
    #####:  144:        free(eng);
    #####:  145:        return s;
        -:  146:    }
        -:  147:
       19:  148:    eng->graph = graph;
       19:  149:    eng->room_count = num_rooms;
       19:  150:    eng->charset = charset;
        -:  151:
        -:  152:    /* Get starting position from first room */
       19:  153:    int start_x = 0;
       19:  154:    int start_y = 0;
       19:  155:    s = room_get_start_position(first_room, &start_x, &start_y);
call    0 returned 19
       19:  156:    if (s != OK) {
branch  0 taken 0 (fallthrough)
branch  1 taken 19
    #####:  157:        game_engine_destroy(eng);
call    0 never executed
    #####:  158:        return s;
        -:  159:    }
        -:  160:
        -:  161:    /* Create player at starting position */
       19:  162:    s = player_create(first_room->id, start_x, start_y, &eng->player);
call    0 returned 19
       19:  163:    if (s != OK) {
branch  0 taken 0 (fallthrough)
branch  1 taken 19
    #####:  164:        game_engine_destroy(eng);
call    0 never executed
    #####:  165:        return NO_MEMORY;
        -:  166:    }
        -:  167:
        -:  168:    /* Cache initial position for reset */
       19:  169:    eng->initial_room_id = first_room->id;
       19:  170:    eng->initial_player_x = start_x;
       19:  171:    eng->initial_player_y = start_y;
        -:  172:
       19:  173:    *engine_out = eng;
       19:  174:    return OK;
        -:  175:}
        -:  176:
        -:  177:
function game_engine_destroy called 19 returned 100% blocks executed 83%
       19:  178:void game_engine_destroy(GameEngine *eng) {
       19:  179:    if (eng == NULL) {
branch  0 taken 0 (fallthrough)
branch  1 taken 19
    #####:  180:        return;
        -:  181:    }
        -:  182:
       19:  183:    player_destroy(eng->player);
call    0 returned 19
       19:  184:    graph_destroy(eng->graph);  /* This also destroys all rooms */
call    0 returned 19
       19:  185:    free(eng);
        -:  186:}
        -:  187:
        -:  188:
function game_engine_get_player called 8 returned 100% blocks executed 100%
        8:  189:const Player *game_engine_get_player(const GameEngine *eng) {
        8:  190:    return (eng != NULL) ? eng->player : NULL;
branch  0 taken 7 (fallthrough)
branch  1 taken 1
        -:  191:}
        -:  192:
        -:  193:
function game_engine_move_player called 11 returned 100% blocks executed 81%
       11:  194:Status game_engine_move_player(GameEngine *eng, Direction dir) {
       11:  195:    if (eng == NULL) {
branch  0 taken 1 (fallthrough)
branch  1 taken 10
        1:  196:        return INVALID_ARGUMENT;
        -:  197:    }
        -:  198:
        -:  199:    /* Get current room (non-const for A2 modifications) */
       10:  200:    Room *room = (Room *)get_current_room(eng);
call    0 returned 10
       10:  201:    if (room == NULL) {
branch  0 taken 0 (fallthrough)
branch  1 taken 10
    #####:  202:        return GE_NO_SUCH_ROOM;
        -:  203:    }
        -:  204:
       10:  205:    int x = 0;
       10:  206:    int y = 0;
       10:  207:    player_get_position(eng->player, &x, &y);
call    0 returned 10
        -:  208:
       10:  209:    int new_x = x;
       10:  210:    int new_y = y;
       10:  211:    if (!game_engine_next_position(dir, x, y, &new_x, &new_y)) {
call    0 returned 10
branch  1 taken 0 (fallthrough)
branch  2 taken 10
    #####:  212:        return INVALID_ARGUMENT;
        -:  213:    }
        -:  214:
       10:  215:    Status move_status = game_engine_validate_target_move(room, dir, new_x, new_y);
call    0 returned 10
       10:  216:    if (move_status != OK) {
branch  0 taken 4 (fallthrough)
branch  1 taken 6
        4:  217:        if (room_collect_treasure_for_player(eng, room, x, y)) {
call    0 returned 4
branch  1 taken 0 (fallthrough)
branch  2 taken 4
    #####:  218:            return OK;
        -:  219:        }
        4:  220:        return move_status;
        -:  221:    }
        -:  222:
        6:  223:    if (room_collect_treasure_for_player(eng, room, new_x, new_y)) {
call    0 returned 6
branch  1 taken 0 (fallthrough)
branch  2 taken 6
    #####:  224:        return OK;
        -:  225:    }
        -:  226:
        6:  227:    return game_engine_apply_final_position(eng, room, new_x, new_y);
call    0 returned 6
        -:  228:}
        -:  229:
        -:  230:
function game_engine_get_room_count called 3 returned 100% blocks executed 100%
        3:  231:Status game_engine_get_room_count(const GameEngine *eng, int *count_out) {
        3:  232:    if (eng == NULL) {
branch  0 taken 1 (fallthrough)
branch  1 taken 2
        1:  233:        return INVALID_ARGUMENT;
        -:  234:    }
        2:  235:    if (count_out == NULL) {
branch  0 taken 1 (fallthrough)
branch  1 taken 1
        1:  236:        return NULL_POINTER;
        -:  237:    }
        -:  238:
        1:  239:    *count_out = eng->room_count;
        1:  240:    return OK;
        -:  241:}
        -:  242:
        -:  243:
function game_engine_get_room_dimensions called 4 returned 100% blocks executed 92%
        4:  244:Status game_engine_get_room_dimensions(const GameEngine *eng,
        -:  245:                                       int *width_out,
        -:  246:                                       int *height_out) {
        4:  247:    if (eng == NULL) {
branch  0 taken 1 (fallthrough)
branch  1 taken 3
        1:  248:        return INVALID_ARGUMENT;
        -:  249:    }
        3:  250:    if (width_out == NULL || height_out == NULL) {
branch  0 taken 2 (fallthrough)
branch  1 taken 1
branch  2 taken 1 (fallthrough)
branch  3 taken 1
        2:  251:        return NULL_POINTER;
        -:  252:    }
        -:  253:
        1:  254:    const Room *room = get_current_room(eng);
call    0 returned 1
        1:  255:    if (room == NULL) {
branch  0 taken 0 (fallthrough)
branch  1 taken 1
    #####:  256:        return GE_NO_SUCH_ROOM;
        -:  257:    }
        -:  258:
        1:  259:    *width_out = room_get_width(room);
call    0 returned 1
        1:  260:    *height_out = room_get_height(room);
call    0 returned 1
        1:  261:    return OK;
        -:  262:}
        -:  263:
        -:  264:
function game_engine_reset called 2 returned 100% blocks executed 88%
        2:  265:Status game_engine_reset(GameEngine *eng) {
        2:  266:    if (eng == NULL) {
branch  0 taken 1 (fallthrough)
branch  1 taken 1
        1:  267:        return INVALID_ARGUMENT;
        -:  268:    }
        -:  269:
        -:  270:    /* A2: Reset all rooms - pushables and treasures */
        1:  271:    const void * const *rooms = NULL;
        1:  272:    int room_count = 0;
        -:  273:    
        1:  274:    GraphStatus gs = graph_get_all_payloads(eng->graph, &rooms, &room_count);
call    0 returned 1
        1:  275:    if (gs != GRAPH_STATUS_OK) {
branch  0 taken 0 (fallthrough)
branch  1 taken 1
    #####:  276:        return INTERNAL_ERROR;
        -:  277:    }
        -:  278:    
        -:  279:    /* Reset each room's state */
        4:  280:    for (int i = 0; i < room_count; i++) {
branch  0 taken 3
branch  1 taken 1 (fallthrough)
        3:  281:        Room *room = (Room *)rooms[i];
        -:  282:        
        -:  283:        /* Reset pushables to initial positions */
       3*:  284:        for (int j = 0; j < room->pushable_count; j++) {
branch  0 taken 0
branch  1 taken 3 (fallthrough)
    #####:  285:            room->pushables[j].x = room->pushables[j].initial_x;
    #####:  286:            room->pushables[j].y = room->pushables[j].initial_y;
        -:  287:        }
        -:  288:        
        -:  289:        /* Reset treasures - mark all as not collected */
       15:  290:        for (int j = 0; j < room->treasure_count; j++) {
branch  0 taken 12
branch  1 taken 3 (fallthrough)
       12:  291:            room->treasures[j].collected = false;
       12:  292:            room->treasures[j].x = room->treasures[j].initial_x;
       12:  293:            room->treasures[j].y = room->treasures[j].initial_y;
        -:  294:        }
        -:  295:    }
        -:  296:
        -:  297:    /* Reset player */
        1:  298:    return player_reset_to_start(eng->player,
call    0 returned 1
        -:  299:                                 eng->initial_room_id,
        -:  300:                                 eng->initial_player_x,
        -:  301:                                 eng->initial_player_y);
        -:  302:}
        -:  303:
        -:  304:
function game_engine_render_current_room called 5 returned 100% blocks executed 85%
        5:  305:Status game_engine_render_current_room(const GameEngine *eng, char **str_out) {
        5:  306:    if (eng == NULL || str_out == NULL) {
branch  0 taken 4 (fallthrough)
branch  1 taken 1
branch  2 taken 1 (fallthrough)
branch  3 taken 3
        2:  307:        return INVALID_ARGUMENT;
        -:  308:    }
        -:  309:
        -:  310:    /* Get current room */
        3:  311:    const Room *room = get_current_room(eng);
call    0 returned 3
        3:  312:    if (room == NULL) {
branch  0 taken 0 (fallthrough)
branch  1 taken 3
    #####:  313:        return GE_NO_SUCH_ROOM;
        -:  314:    }
        -:  315:
        3:  316:    int width = room_get_width(room);
call    0 returned 3
        3:  317:    int height = room_get_height(room);
call    0 returned 3
        -:  318:
        -:  319:    /* Create buffer for room rendering (no linefeeds) */
        3:  320:    char *buffer = malloc((size_t)width * height);
        3:  321:    if (buffer == NULL) {
branch  0 taken 0 (fallthrough)
branch  1 taken 3
    #####:  322:        return NO_MEMORY;
        -:  323:    }
        -:  324:
        -:  325:    /* Render room into buffer */
        3:  326:    Status s = room_render(room, &eng->charset, buffer, width, height);
call    0 returned 3
        3:  327:    if (s != OK) {
branch  0 taken 0 (fallthrough)
branch  1 taken 3
    #####:  328:        free(buffer);
    #####:  329:        return s;
        -:  330:    }
        -:  331:
        -:  332:    /* Overlay player character */
        3:  333:    int px = 0;
        3:  334:    int py = 0;
        3:  335:    player_get_position(eng->player, &px, &py);
call    0 returned 3
        3:  336:    if (px >= 0 && px < width && py >= 0 && py < height) {
branch  0 taken 3 (fallthrough)
branch  1 taken 0
branch  2 taken 3 (fallthrough)
branch  3 taken 0
branch  4 taken 3 (fallthrough)
branch  5 taken 0
branch  6 taken 3 (fallthrough)
branch  7 taken 0
        3:  337:        buffer[py * width + px] = eng->charset.player;
        -:  338:    }
        -:  339:
        -:  340:    /* Format into multi-line string with newlines */
        -:  341:    /* Each row needs width chars + 1 newline = width+1 */
        -:  342:    /* Total: height * (width + 1) + 1 for null terminator */
        3:  343:    int output_size = height * (width + 1) + 1;
        3:  344:    char *output = malloc(output_size);
        3:  345:    if (output == NULL) {
branch  0 taken 0 (fallthrough)
branch  1 taken 3
    #####:  346:        free(buffer);
    #####:  347:        return NO_MEMORY;
        -:  348:    }
        -:  349:
        -:  350:    /* Copy rows and add newlines */
        3:  351:    int out_idx = 0;
       42:  352:    for (int row = 0; row < height; row++) {
branch  0 taken 39
branch  1 taken 3 (fallthrough)
       39:  353:        memcpy(output + out_idx, buffer + (ptrdiff_t)(row * width), width);
       39:  354:        out_idx += width;
       39:  355:        output[out_idx++] = '\n';
        -:  356:    }
        3:  357:    output[out_idx] = '\0';
        -:  358:
        3:  359:    free(buffer);
        3:  360:    *str_out = output;
        3:  361:    return OK;
        -:  362:}
        -:  363:
        -:  364:
function game_engine_render_room called 2 returned 100% blocks executed 77%
        2:  365:Status game_engine_render_room(const GameEngine *eng, int room_id, char **str_out) {
        2:  366:    if (eng == NULL) {
branch  0 taken 0 (fallthrough)
branch  1 taken 2
    #####:  367:        return INVALID_ARGUMENT;
        -:  368:    }
        2:  369:    if (str_out == NULL) {
branch  0 taken 0 (fallthrough)
branch  1 taken 2
    #####:  370:        return NULL_POINTER;
        -:  371:    }
        -:  372:
        -:  373:    /* Find room by ID */
        -:  374:    Room search_key;
        2:  375:    search_key.id = room_id;
        2:  376:    const Room *room = (const Room *)graph_get_payload(eng->graph, &search_key);
call    0 returned 2
        -:  377:    
        2:  378:    if (room == NULL) {
branch  0 taken 1 (fallthrough)
branch  1 taken 1
        1:  379:        return GE_NO_SUCH_ROOM;
        -:  380:    }
        -:  381:
        1:  382:    int width = room_get_width(room);
call    0 returned 1
        1:  383:    int height = room_get_height(room);
call    0 returned 1
        -:  384:
        -:  385:    /* Create buffer */
        1:  386:    char *buffer = malloc((size_t)width * height);
        1:  387:    if (buffer == NULL) {
branch  0 taken 0 (fallthrough)
branch  1 taken 1
    #####:  388:        return NO_MEMORY;
        -:  389:    }
        -:  390:
        -:  391:    /* Render room (no player overlay) */
        1:  392:    Status s = room_render(room, &eng->charset, buffer, width, height);
call    0 returned 1
        1:  393:    if (s != OK) {
branch  0 taken 0 (fallthrough)
branch  1 taken 1
    #####:  394:        free(buffer);
    #####:  395:        return s;
        -:  396:    }
        -:  397:
        -:  398:    /* Format with newlines */
        1:  399:    int output_size = height * (width + 1) + 1;
        1:  400:    char *output = malloc(output_size);
        1:  401:    if (output == NULL) {
branch  0 taken 0 (fallthrough)
branch  1 taken 1
    #####:  402:        free(buffer);
    #####:  403:        return NO_MEMORY;
        -:  404:    }
        -:  405:
        1:  406:    int out_idx = 0;
       14:  407:    for (int row_idx = 0; row_idx < height; row_idx++) {
branch  0 taken 13
branch  1 taken 1 (fallthrough)
       13:  408:        memcpy(output + out_idx, buffer + ((size_t)row_idx * width), width);
       13:  409:        out_idx += width;
       13:  410:        output[out_idx++] = '\n';
        -:  411:    }
        1:  412:    output[out_idx] = '\0';
        -:  413:
        1:  414:    free(buffer);
        1:  415:    *str_out = output;
        1:  416:    return OK;
        -:  417:}
        -:  418:
        -:  419:
function game_engine_get_room_ids called 4 returned 100% blocks executed 88%
        4:  420:Status game_engine_get_room_ids(const GameEngine *eng,
        -:  421:                                int **ids_out,
        -:  422:                                int *count_out) {
        4:  423:    if (eng == NULL) {
branch  0 taken 1 (fallthrough)
branch  1 taken 3
        1:  424:        return INVALID_ARGUMENT;
        -:  425:    }
        3:  426:    if (ids_out == NULL || count_out == NULL) {
branch  0 taken 2 (fallthrough)
branch  1 taken 1
branch  2 taken 1 (fallthrough)
branch  3 taken 1
        2:  427:        return NULL_POINTER;
        -:  428:    }
        -:  429:
        -:  430:    /* Get all rooms from graph */
        1:  431:    const void * const *rooms = NULL;
        1:  432:    int num_rooms = 0;
        1:  433:    GraphStatus gs = graph_get_all_payloads(eng->graph, &rooms, &num_rooms);
call    0 returned 1
        1:  434:    if (gs != GRAPH_STATUS_OK) {
branch  0 taken 0 (fallthrough)
branch  1 taken 1
    #####:  435:        return INTERNAL_ERROR;
        -:  436:    }
        -:  437:
        -:  438:    /* Allocate array for IDs */
        1:  439:    int *ids = malloc(num_rooms * sizeof(int));
        1:  440:    if (ids == NULL) {
branch  0 taken 0 (fallthrough)
branch  1 taken 1
    #####:  441:        return NO_MEMORY;
        -:  442:    }
        -:  443:
        -:  444:    /* Extract IDs */
        4:  445:    for (int i = 0; i < num_rooms; i++) {
branch  0 taken 3
branch  1 taken 1 (fallthrough)
        3:  446:        const Room *r = (const Room *)rooms[i];
        3:  447:        ids[i] = r->id;
        -:  448:    }
        -:  449:
        1:  450:    *ids_out = ids;
        1:  451:    *count_out = num_rooms;
        1:  452:    return OK;
        -:  453:}
        -:  454:
        -:  455:
        -:  456:/* ============================================================
        -:  457: * A2: MEMORY UTILITIES
        -:  458: * ============================================================ */
        -:  459:
        -:  460:/*
        -:  461: * Free a heap buffer allocated by the game engine.
        -:  462: *
        -:  463: * This is required for C/Python interoperability in A2 and A3.
        -:  464: * Python can't directly call free(), so we provide this wrapper.
        -:  465: */
function game_engine_free_string called 0 returned 0% blocks executed 0%
    #####:  466:void game_engine_free_string(void *ptr) {
    #####:  467:    free(ptr);
    #####:  468:}
