        -:    0:Source:src/world_loader.c
        -:    0:Graph:coverage_build/world_loader.gcno
        -:    0:Data:coverage_build/world_loader.gcda
        -:    0:Runs:74
        -:    1:#include "world_loader.h"
        -:    2:#include "room.h"
        -:    3:#include "graph.h"
        -:    4:#include "datagen.h"
        -:    5:#include <stdlib.h>
        -:    6:#include <string.h>
        -:    7:
        -:    8:/* Forward declarations for internal room setters */
        -:    9:Status room_set_pushables(Room *r, Pushable *pushables, int pushable_count);
        -:   10:Status room_set_switches(Room *r, Switch *switches, int switch_count);
        -:   11:
        -:   12:/* ============================================================
        -:   13: * WORLD LOADER IMPLEMENTATION
        -:   14: *
        -:   15: * Key responsibilities:
        -:   16: *   1. Call datagen to get DG_Room structures
        -:   17: *   2. Deep-copy each DG_Room into our own Room structure
        -:   18: *   3. Build a Graph connecting rooms via portals
        -:   19: *   4. Return everything to the Game Engine
        -:   20: *
        -:   21: * CRITICAL: All datagen memory is temporary!
        -:   22: * We must deep-copy EVERYTHING before stop_datagen().
        -:   23: * ============================================================ */
        -:   24:
        -:   25:
        -:   26:/* Helper: Compare rooms by ID for graph operations */
function compare_rooms called 1674 returned 100% blocks executed 100%
     1674:   27:static int compare_rooms(const void *a, const void *b) {
     1674:   28:    const Room *r1 = (const Room *)a;
     1674:   29:    const Room *r2 = (const Room *)b;
     1674:   30:    return r1->id - r2->id;
        -:   31:}
        -:   32:
        -:   33:/* Helper: Destroy room (used by graph) */
function destroy_room_wrapper called 72 returned 100% blocks executed 100%
       72:   34:static void destroy_room_wrapper(void *payload) {
       72:   35:    room_destroy((Room *)payload);
call    0 returned 72
       72:   36:}
        -:   37:
function copy_floor_grid called 72 returned 100% blocks executed 71%
       72:   38:static bool copy_floor_grid(Room *r, const DG_Room *dg_room) {
       72:   39:    if (dg_room->floor_grid == NULL) {
branch  0 taken 0 (fallthrough)
branch  1 taken 72
    #####:   40:        return true;
        -:   41:    }
        -:   42:
       72:   43:    int grid_size = dg_room->width * dg_room->height;
       72:   44:    bool *grid_copy = malloc(grid_size * sizeof(bool));
       72:   45:    if (grid_copy == NULL) {
branch  0 taken 0 (fallthrough)
branch  1 taken 72
    #####:   46:        return false;
        -:   47:    }
        -:   48:
       72:   49:    memcpy(grid_copy, dg_room->floor_grid, grid_size * sizeof(bool));
       72:   50:    room_set_floor_grid(r, grid_copy);
call    0 returned 72
       72:   51:    return true;
        -:   52:}
        -:   53:
function copy_portals called 72 returned 100% blocks executed 80%
       72:   54:static bool copy_portals(Room *r, const DG_Room *dg_room) {
       72:   55:    if (dg_room->portal_count <= 0) {
branch  0 taken 0 (fallthrough)
branch  1 taken 72
    #####:   56:        return true;
        -:   57:    }
        -:   58:
       72:   59:    Portal *portals = malloc(dg_room->portal_count * sizeof(Portal));
       72:   60:    if (portals == NULL) {
branch  0 taken 0 (fallthrough)
branch  1 taken 72
    #####:   61:        return false;
        -:   62:    }
        -:   63:
      288:   64:    for (int i = 0; i < dg_room->portal_count; i++) {
branch  0 taken 216
branch  1 taken 72 (fallthrough)
      216:   65:        portals[i].id = dg_room->portals[i].id;
      216:   66:        portals[i].x = dg_room->portals[i].x;
      216:   67:        portals[i].y = dg_room->portals[i].y;
      216:   68:        portals[i].target_room_id = dg_room->portals[i].neighbor_id;
      216:   69:        portals[i].name = NULL;
        -:   70:    }
        -:   71:
       72:   72:    room_set_portals(r, portals, dg_room->portal_count);
call    0 returned 72
       72:   73:    return true;
        -:   74:}
        -:   75:
function copy_treasures called 72 returned 100% blocks executed 77%
       72:   76:static bool copy_treasures(Room *r, const DG_Room *dg_room) {
       72:   77:    if (dg_room->treasure_count <= 0) {
branch  0 taken 0 (fallthrough)
branch  1 taken 72
    #####:   78:        return true;
        -:   79:    }
        -:   80:
       72:   81:    Treasure *treasures = malloc(dg_room->treasure_count * sizeof(Treasure));
       72:   82:    if (treasures == NULL) {
branch  0 taken 0 (fallthrough)
branch  1 taken 72
    #####:   83:        return false;
        -:   84:    }
        -:   85:
      360:   86:    for (int i = 0; i < dg_room->treasure_count; i++) {
branch  0 taken 288
branch  1 taken 72 (fallthrough)
      288:   87:        treasures[i].id = dg_room->treasures[i].global_id;
      288:   88:        treasures[i].x = dg_room->treasures[i].x;
      288:   89:        treasures[i].y = dg_room->treasures[i].y;
      288:   90:        treasures[i].starting_room_id = dg_room->id;
      288:   91:        treasures[i].initial_x = dg_room->treasures[i].x;
      288:   92:        treasures[i].initial_y = dg_room->treasures[i].y;
      288:   93:        treasures[i].collected = false;
      288:   94:        treasures[i].name = (dg_room->treasures[i].name != NULL)
      288:   95:            ? strdup(dg_room->treasures[i].name)
call    0 returned 288
     288*:   96:            : NULL;
branch  0 taken 288 (fallthrough)
branch  1 taken 0
        -:   97:    }
        -:   98:
       72:   99:    room_set_treasures(r, treasures, dg_room->treasure_count);
call    0 returned 72
       72:  100:    return true;
        -:  101:}
        -:  102:
function copy_pushables called 72 returned 100% blocks executed 23%
       72:  103:static bool copy_pushables(Room *r, const DG_Room *dg_room) {
       72:  104:    if (dg_room->pushable_count <= 0) {
branch  0 taken 72 (fallthrough)
branch  1 taken 0
       72:  105:        return true;
        -:  106:    }
        -:  107:
    #####:  108:    Pushable *pushables = malloc(dg_room->pushable_count * sizeof(Pushable));
    #####:  109:    if (pushables == NULL) {
branch  0 never executed (fallthrough)
branch  1 never executed
    #####:  110:        return false;
        -:  111:    }
        -:  112:
    #####:  113:    for (int i = 0; i < dg_room->pushable_count; i++) {
branch  0 never executed
branch  1 never executed (fallthrough)
    #####:  114:        pushables[i].id = dg_room->pushables[i].id;
    #####:  115:        pushables[i].x = dg_room->pushables[i].x;
    #####:  116:        pushables[i].y = dg_room->pushables[i].y;
    #####:  117:        pushables[i].initial_x = dg_room->pushables[i].x;
    #####:  118:        pushables[i].initial_y = dg_room->pushables[i].y;
    #####:  119:        pushables[i].name = (dg_room->pushables[i].name != NULL)
    #####:  120:            ? strdup(dg_room->pushables[i].name)
call    0 never executed
    #####:  121:            : NULL;
branch  0 never executed (fallthrough)
branch  1 never executed
        -:  122:    }
        -:  123:
    #####:  124:    room_set_pushables(r, pushables, dg_room->pushable_count);
call    0 never executed
    #####:  125:    return true;
        -:  126:}
        -:  127:
function copy_switches called 72 returned 100% blocks executed 30%
       72:  128:static bool copy_switches(Room *r, const DG_Room *dg_room) {
       72:  129:    if (dg_room->switch_count <= 0) {
branch  0 taken 72 (fallthrough)
branch  1 taken 0
       72:  130:        return true;
        -:  131:    }
        -:  132:
    #####:  133:    Switch *switches = malloc(dg_room->switch_count * sizeof(Switch));
    #####:  134:    if (switches == NULL) {
branch  0 never executed (fallthrough)
branch  1 never executed
    #####:  135:        return false;
        -:  136:    }
        -:  137:
    #####:  138:    for (int i = 0; i < dg_room->switch_count; i++) {
branch  0 never executed
branch  1 never executed (fallthrough)
    #####:  139:        switches[i].id = dg_room->switches[i].id;
    #####:  140:        switches[i].x = dg_room->switches[i].x;
    #####:  141:        switches[i].y = dg_room->switches[i].y;
    #####:  142:        switches[i].portal_id = dg_room->switches[i].portal_id;
        -:  143:    }
        -:  144:
    #####:  145:    room_set_switches(r, switches, dg_room->switch_count);
call    0 never executed
    #####:  146:    return true;
        -:  147:}
        -:  148:
        -:  149:/* Helper: Deep-copy a DG_Room into our Room structure */
function deep_copy_dg_room called 72 returned 100% blocks executed 82%
       72:  150:static Room *deep_copy_dg_room(const DG_Room *dg_room) {
       72:  151:    Room *r = room_create(dg_room->id, NULL, dg_room->width, dg_room->height);
call    0 returned 72
       72:  152:    if (r == NULL) {
branch  0 taken 0 (fallthrough)
branch  1 taken 72
    #####:  153:        return NULL;
        -:  154:    }
        -:  155:
       72:  156:    if (!copy_floor_grid(r, dg_room) ||
call    0 returned 72
branch  1 taken 72 (fallthrough)
branch  2 taken 0
       72:  157:        !copy_portals(r, dg_room) ||
call    0 returned 72
branch  1 taken 72 (fallthrough)
branch  2 taken 0
       72:  158:        !copy_treasures(r, dg_room) ||
call    0 returned 72
branch  1 taken 72 (fallthrough)
branch  2 taken 0
       72:  159:        !copy_pushables(r, dg_room) ||
call    0 returned 72
branch  1 taken 72 (fallthrough)
branch  2 taken 0
       72:  160:        !copy_switches(r, dg_room)) {
call    0 returned 72
branch  1 taken 0 (fallthrough)
branch  2 taken 72
    #####:  161:        room_destroy(r);
call    0 never executed
    #####:  162:        return NULL;
        -:  163:    }
        -:  164:
       72:  165:    return r;
        -:  166:}
        -:  167:
        -:  168:/* Parameters:
        -:  169: *   config_file:
        -:  170: *     Path to the datagen configuration file.
        -:  171: *
        -:  172: * Outputs:
        -:  173: *   graph_out:
        -:  174: *     On success, receives a pointer to a newly created Graph.
        -:  175: *
        -:  176: *   first_room_out:
        -:  177: *     On success, receives a pointer to the first room inserted
        -:  178: *     into the graph.
        -:  179: *
        -:  180: *   num_rooms_out:
        -:  181: *     On success, receives the total number of rooms loaded.
        -:  182: *
        -:  183: *   charset_out:
        -:  184: *     On success, receives the loaded charset.
        -:  185: *
        -:  186: * Returns:
        -:  187: *   OK on success
        -:  188: *   WL_ERR_CONFIG if the config path is invalid
        -:  189: *   WL_ERR_DATAGEN if datagen fails
        -:  190: *   NO_MEMORY on allocation failure
        -:  191: *
        -:  192: * Ownership:
        -:  193: *   - The caller owns the returned Graph.
        -:  194: *   - All Room structs are owned by the Graph as payloads.
        -:  195: *   - Destroying the Graph frees all Rooms.
        -:  196: */
function loader_load_world called 27 returned 100% blocks executed 75%
       27:  197:Status loader_load_world(const char *config_file,
        -:  198:                         Graph **graph_out,
        -:  199:                         Room **first_room_out,
        -:  200:                         int  *num_rooms_out,
        -:  201:                         Charset *charset_out) {
        -:  202:    
        -:  203:    /* Validate inputs */
       27:  204:    if (config_file == NULL || graph_out == NULL || 
branch  0 taken 26 (fallthrough)
branch  1 taken 1
branch  2 taken 26 (fallthrough)
branch  3 taken 0
branch  4 taken 26 (fallthrough)
branch  5 taken 0
       26:  205:        first_room_out == NULL || num_rooms_out == NULL || charset_out == NULL) {
branch  0 taken 25 (fallthrough)
branch  1 taken 1
branch  2 taken 0 (fallthrough)
branch  3 taken 25
        2:  206:        return INVALID_ARGUMENT;
        -:  207:    }
        -:  208:
        -:  209:    /* STEP 1: Initialize datagen */
       25:  210:    int status = start_datagen(config_file);
call    0 returned 25
       25:  211:    if (status != DG_OK) {
branch  0 taken 1 (fallthrough)
branch  1 taken 24
        1:  212:        if (status == DG_ERR_CONFIG) {
branch  0 taken 1 (fallthrough)
branch  1 taken 0
        1:  213:            return WL_ERR_CONFIG;
        -:  214:        }
    #####:  215:        return WL_ERR_DATAGEN;
        -:  216:    }
        -:  217:
        -:  218:    /* STEP 2: Create the graph */
       24:  219:    Graph *graph = NULL;
       24:  220:    GraphStatus gs = graph_create(compare_rooms, destroy_room_wrapper, &graph);
call    0 returned 24
       24:  221:    if (gs != GRAPH_STATUS_OK) {
branch  0 taken 0 (fallthrough)
branch  1 taken 24
    #####:  222:        stop_datagen();
call    0 never executed
    #####:  223:        return NO_MEMORY;
        -:  224:    }
        -:  225:
        -:  226:    /* STEP 3: Iterate through all rooms from datagen */
       24:  227:    Room *first_room = NULL;
       24:  228:    int room_count = 0;
        -:  229:
       96:  230:    while (has_more_rooms()) {
call    0 returned 96
branch  1 taken 72
branch  2 taken 24 (fallthrough)
        -:  231:        /* Get room from datagen (shallow copy, datagen owns memory) */
       72:  232:        DG_Room dg_room = get_next_room();
call    0 returned 72
        -:  233:
        -:  234:        /* Deep-copy into our own Room structure */
       72:  235:        Room *room = deep_copy_dg_room(&dg_room);
call    0 returned 72
       72:  236:        if (room == NULL) {
branch  0 taken 0 (fallthrough)
branch  1 taken 72
    #####:  237:            graph_destroy(graph);
call    0 never executed
    #####:  238:            stop_datagen();
call    0 never executed
    #####:  239:            return NO_MEMORY;
        -:  240:        }
        -:  241:
        -:  242:        /* Insert room into graph */
       72:  243:        gs = graph_insert(graph, room);
call    0 returned 72
       72:  244:        if (gs != GRAPH_STATUS_OK) {
branch  0 taken 0 (fallthrough)
branch  1 taken 72
    #####:  245:            room_destroy(room);
call    0 never executed
    #####:  246:            graph_destroy(graph);
call    0 never executed
    #####:  247:            stop_datagen();
call    0 never executed
    #####:  248:            return NO_MEMORY;
        -:  249:        }
        -:  250:
        -:  251:        /* Track first room for starting position */
       72:  252:        if (first_room == NULL) {
branch  0 taken 24 (fallthrough)
branch  1 taken 48
       24:  253:            first_room = room;
        -:  254:        }
        -:  255:
       72:  256:        room_count++;
        -:  257:    }
        -:  258:
        -:  259:    /* STEP 4: Build graph edges based on portal connections
        -:  260:     * 
        -:  261:     * For each room, look at its portals and create edges to neighbor rooms
        -:  262:     */
       24:  263:    const void * const *rooms_array = NULL;
       24:  264:    int total_rooms = 0;
       24:  265:    gs = graph_get_all_payloads(graph, &rooms_array, &total_rooms);
call    0 returned 24
       24:  266:    if (gs != GRAPH_STATUS_OK) {
branch  0 taken 0 (fallthrough)
branch  1 taken 24
    #####:  267:        graph_destroy(graph);
call    0 never executed
    #####:  268:        return INTERNAL_ERROR;
        -:  269:    }
        -:  270:
        -:  271:    /* For each room, create edges based on portals */
       96:  272:    for (int i = 0; i < total_rooms; i++) {
branch  0 taken 72
branch  1 taken 24 (fallthrough)
       72:  273:        const Room *from_room = (const Room *)rooms_array[i];
        -:  274:        
        -:  275:        /* For each portal in this room, create an edge to the target room */
      288:  276:        for (int portal_idx = 0; portal_idx < from_room->portal_count; portal_idx++) {
branch  0 taken 216
branch  1 taken 72 (fallthrough)
      216:  277:            int target_id = from_room->portals[portal_idx].target_room_id;
        -:  278:            
        -:  279:            /* Find the target room in the graph */
        -:  280:            Room search_key;
      216:  281:            search_key.id = target_id;
      216:  282:            const Room *to_room = (const Room *)graph_get_payload(graph, &search_key);
call    0 returned 216
        -:  283:            
      216:  284:            if (to_room != NULL) {
branch  0 taken 216 (fallthrough)
branch  1 taken 0
        -:  285:                /* Create directed edge from this room to target room */
      216:  286:                graph_connect(graph, from_room, to_room);
call    0 returned 216
        -:  287:            }
        -:  288:        }
        -:  289:    }
        -:  290:
        -:  291:    /* STEP 5: Get charset from datagen */
       24:  292:    const DG_Charset *dg_charset = dg_get_charset();
call    0 returned 24
       24:  293:    if (dg_charset != NULL) {
branch  0 taken 24 (fallthrough)
branch  1 taken 0
       24:  294:        charset_out->wall = dg_charset->wall;
       24:  295:        charset_out->floor = dg_charset->floor;
       24:  296:        charset_out->player = dg_charset->player;
       24:  297:        charset_out->treasure = dg_charset->treasure;
       24:  298:        charset_out->portal = dg_charset->portal;
       24:  299:        charset_out->pushable = dg_charset->pushable;
        -:  300:    } else {
        -:  301:        /* Fallback to default charset if datagen doesn't provide one */
    #####:  302:        charset_out->wall = '#';
    #####:  303:        charset_out->floor = '.';
    #####:  304:        charset_out->player = '@';
    #####:  305:        charset_out->treasure = '$';
    #####:  306:        charset_out->portal = 'X';
    #####:  307:        charset_out->pushable = 'O';
        -:  308:    }
        -:  309:
        -:  310:    /* STEP 6: Clean up datagen (makes all DG_Room pointers invalid) */
       24:  311:    stop_datagen();
call    0 returned 24
        -:  312:
        -:  313:    /* Return results */
       24:  314:    *graph_out = graph;
       24:  315:    *first_room_out = first_room;
       24:  316:    *num_rooms_out = room_count;
        -:  317:
       24:  318:    return OK;
        -:  319:}
